     -.--ns INFO     gpi                                ..mbed/gpi_embed.cpp:93   in _embed_init_python              Using Python 3.12.4 interpreter at /home/aaiva/Coraltb/.env/bin/python3
     -.--ns INFO     gpi                                ../gpi/GpiCommon.cpp:79   in gpi_print_registered_impl       VPI registered
     0.00ns INFO     cocotb                             Running on Icarus Verilog version 12.0 (stable)
     0.00ns INFO     cocotb                             Seeding Python random module with 1772212720
     0.00ns INFO     cocotb                             Initialized cocotb v2.0.1 from /home/aaiva/Coraltb/.env/lib/python3.12/site-packages/cocotb
     0.00ns INFO     cocotb                             Running tests
     0.00ns INFO     cocotb.regression                  running test_instr_mem.test_instruction_register_sanity (1/1)
     0.00ns WARNING  py.warnings                        /home/aaiva/git-repos/RetroSoC-Scratch/HDL-Skills/Aiva/tb/test_instr_mem.py:21: DeprecationWarning: The 'units' argument has been renamed to 'unit'.
                                                          clock = Clock(uut.clk, 40, units="ns")
     0.00ns INFO     cocotb.instr_mem_wtb               Resetting Module
 24720.00ns INFO     cocotb.instr_mem_wtb               Test Complete!
 24720.00ns INFO     cocotb.regression                  test_instr_mem.test_instruction_register_sanity passed
 24720.00ns INFO     cocotb.regression                  *********************************************************************************************************
                                                        ** TEST                                             STATUS  SIM TIME (ns)  REAL TIME (s)  RATIO (ns/s) **
                                                        *********************************************************************************************************
                                                        ** test_instr_mem.test_instruction_register_sanity   PASS       24720.00           0.03     832636.24  **
                                                        *********************************************************************************************************
                                                        ** TESTS=1 PASS=1 FAIL=0 SKIP=0                                 24720.00           0.03     804044.88  **
                                                        *********************************************************************************************************
FST info: dumpfile /home/aaiva/git-repos/RetroSoC-Scratch/HDL-Skills/Aiva/tb_out/icarus/build/instr_mem_wtb.fst opened for output.
