     -.--ns INFO     gpi                                ..mbed/gpi_embed.cpp:93   in _embed_init_python              Using Python 3.12.4 interpreter at /home/person/coraltb/.env/bin/python3
     -.--ns INFO     gpi                                ../gpi/GpiCommon.cpp:79   in gpi_print_registered_impl       VPI registered
     0.00ns INFO     cocotb                             Running on Icarus Verilog version 12.0 (stable)
     0.00ns INFO     cocotb                             Seeding Python random module with 1772114138
     0.00ns INFO     cocotb                             Initialized cocotb v2.0.1 from /home/person/coraltb/.env/lib/python3.12/site-packages/cocotb
     0.00ns INFO     cocotb                             Running tests
     0.00ns INFO     cocotb.regression                  running test_workshop_counter.test_workshop_counter_sanity (1/1)
     0.00ns WARNING  py.warnings                        /home/person/git_repos/retroSoC/RetroSoC-Scratch/HDL-Skills/Dima/TB/test_workshop_counter.py:21: DeprecationWarning: The 'units' argument has been renamed to 'unit'.
                                                          clock = Clock(uut.clk, 40, units="ns")
     0.00ns INFO     cocotb.workshop_counter_wtb        Resetting Module
  4600.00ns INFO     cocotb.workshop_counter_wtb        Test Complete!
  4600.00ns INFO     cocotb.regression                  test_workshop_counter.test_workshop_counter_sanity passed
  4600.00ns INFO     cocotb.regression                  ************************************************************************************************************
                                                        ** TEST                                                STATUS  SIM TIME (ns)  REAL TIME (s)  RATIO (ns/s) **
                                                        ************************************************************************************************************
                                                        ** test_workshop_counter.test_workshop_counter_sanity   PASS        4600.00           0.01     519376.50  **
                                                        ************************************************************************************************************
                                                        ** TESTS=1 PASS=1 FAIL=0 SKIP=0                                     4600.00           0.01     462658.83  **
                                                        ************************************************************************************************************
FST info: dumpfile /home/person/git_repos/retroSoC/RetroSoC-Scratch/HDL-Skills/Dima/TB_out/icarus/build/workshop_counter_wtb.fst opened for output.
