     -.--ns INFO     gpi                                ..mbed/gpi_embed.cpp:93   in _embed_init_python              Using Python 3.12.4 interpreter at /home/aaiva/Coraltb/.env/bin/python3
     -.--ns INFO     gpi                                ../gpi/GpiCommon.cpp:79   in gpi_print_registered_impl       VPI registered
     0.00ns INFO     cocotb                             Running on Icarus Verilog version 12.0 (stable)
     0.00ns INFO     cocotb                             Seeding Python random module with 1772930945
     0.00ns INFO     cocotb                             Initialized cocotb v2.0.1 from /home/aaiva/Coraltb/.env/lib/python3.12/site-packages/cocotb
     0.00ns INFO     cocotb                             Running tests
     0.00ns INFO     cocotb.regression                  running test_data_bus_buffer.test_data_bus_buffer_sanity (1/1)
     0.00ns WARNING  py.warnings                        /home/aaiva/Git-Repos/RetroSoC/RetroSoC-Scratch/HDL-Skills/Aiva/tb/test_data_bus_buffer.py:19: DeprecationWarning: The 'units' argument has been renamed to 'unit'.
                                                          clock = Clock(uut.clk, 40, units="ns")
     0.00ns INFO     cocotb.data_bus_buffer_wtb         Resetting Module
  4360.00ns INFO     cocotb.data_bus_buffer_wtb         Test Complete!
  4360.00ns INFO     cocotb.regression                  test_data_bus_buffer.test_data_bus_buffer_sanity passed
  4360.00ns INFO     cocotb.regression                  **********************************************************************************************************
                                                        ** TEST                                              STATUS  SIM TIME (ns)  REAL TIME (s)  RATIO (ns/s) **
                                                        **********************************************************************************************************
                                                        ** test_data_bus_buffer.test_data_bus_buffer_sanity   PASS        4360.00           0.01     823857.52  **
                                                        **********************************************************************************************************
                                                        ** TESTS=1 PASS=1 FAIL=0 SKIP=0                                   4360.00           0.01     730318.11  **
                                                        **********************************************************************************************************
FST info: dumpfile /home/aaiva/Git-Repos/RetroSoC/RetroSoC-Scratch/HDL-Skills/Aiva/tb_out/icarus/build/data_bus_buffer_wtb.fst opened for output.
